  adding: binaries/ (stored 0%)
  adding: binaries/linux64/ (stored 0%)
  adding: binaries/linux64/try_withDist_noinputs_2_FMU.libs (stored 0%)
  adding: binaries/linux64/try_withDist_noinputs_2.so (deflated 68%)
  adding: modelDescription.xml (deflated 90%)
  adding: resources/ (stored 0%)
  adding: resources/linux64.summary (deflated 43%)
  adding: resources/try_withDist_noinputs_2_info.json (deflated 90%)
  adding: resources/dynamic.log (deflated 88%)
  adding: sources/ (stored 0%)
  adding: sources/try_withDist_noinputs_2_10asr.c (deflated 34%)
  adding: sources/try_withDist_noinputs_2_06inz.c (deflated 87%)
  adding: sources/try_withDist_noinputs_2_07dly.c (deflated 36%)
  adding: sources/configure (deflated 76%)
  adding: sources/try_withDist_noinputs_2_model.h (deflated 80%)
  adding: sources/try_withDist_noinputs_2_11mix.h (stored 0%)
  adding: sources/try_withDist_noinputs_2_12jac.h (deflated 82%)
  adding: sources/try_withDist_noinputs_2_02nls.c (deflated 36%)
  adding: sources/try_withDist_noinputs_2_03lsy.c (deflated 38%)
  adding: sources/include/ (stored 0%)
  adding: sources/include/fmi2/ (stored 0%)
  adding: sources/include/fmi2/fmu2_model_interface.c (deflated 83%)
  adding: sources/include/fmi2/fmi2Functions.h (deflated 74%)
  adding: sources/include/fmi2/fmi2TypesPlatform.h (deflated 61%)
  adding: sources/include/fmi2/fmi2FunctionTypes.h (deflated 73%)
  adding: sources/include/fmi2/fmu2_model_interface.h (deflated 54%)
  adding: sources/include/ModelicaUtilities.h (deflated 66%)
  adding: sources/include/math-support/ (stored 0%)
  adding: sources/include/math-support/pivot.c (deflated 65%)
  adding: sources/include/Makefile.objs (deflated 74%)
  adding: sources/include/openmodelica_func.h (deflated 72%)
  adding: sources/include/fmi1/ (stored 0%)
  adding: sources/include/fmi1/fmiModelFunctions.h (deflated 75%)
  adding: sources/include/fmi1/fmu1_model_interface.c (deflated 83%)
  adding: sources/include/fmi1/fmiModelTypes.h (deflated 58%)
  adding: sources/include/fmi1/fmu1_model_interface.h (deflated 47%)
  adding: sources/include/gc_version.h (deflated 56%)
  adding: sources/include/optimization/ (stored 0%)
  adding: sources/include/optimization/OptimizerData.h (deflated 63%)
  adding: sources/include/optimization/OptimizerInterface.h (deflated 45%)
  adding: sources/include/optimization/OptimizerLocalFunction.h (deflated 56%)
  adding: sources/include/open62541.h (deflated 84%)
  adding: sources/include/openmodelica.h (deflated 59%)
  adding: sources/include/gc/ (stored 0%)
  adding: sources/include/gc/omc_gc.h (deflated 66%)
  adding: sources/include/gc/omc_gc.c (deflated 52%)
  adding: sources/include/gc/memory_pool.h (deflated 49%)
  adding: sources/include/gc/memory_pool.c (deflated 66%)
  adding: sources/include/suitesparse/ (stored 0%)
  adding: sources/include/suitesparse/Include/ (stored 0%)
  adding: sources/include/suitesparse/Include/umfpack_save_numeric.h (deflated 73%)
  adding: sources/include/suitesparse/Include/umfpack_free_symbolic.h (deflated 71%)
  adding: sources/include/suitesparse/Include/UFconfig.h (deflated 65%)
  adding: sources/include/suitesparse/Include/umfpack_scale.h (deflated 70%)
  adding: sources/include/suitesparse/Include/klu.h (deflated 80%)
  adding: sources/include/suitesparse/Include/colamd.h (deflated 71%)
  adding: sources/include/suitesparse/Include/umfpack_symbolic.h (deflated 71%)
  adding: sources/include/suitesparse/Include/umfpack_report_vector.h (deflated 68%)
  adding: sources/include/suitesparse/Include/umfpack_defaults.h (deflated 72%)
  adding: sources/include/suitesparse/Include/umfpack_load_numeric.h (deflated 69%)
  adding: sources/include/suitesparse/Include/umfpack_report_symbolic.h (deflated 69%)
  adding: sources/include/suitesparse/Include/umfpack_get_determinant.h (deflated 71%)
  adding: sources/include/suitesparse/Include/umfpack_tictoc.h (deflated 63%)
  adding: sources/include/suitesparse/Include/umfpack_report_triplet.h (deflated 71%)
  adding: sources/include/suitesparse/Include/umfpack_solve.h (deflated 71%)
  adding: sources/include/suitesparse/Include/umfpack_transpose.h (deflated 71%)
  adding: sources/include/suitesparse/Include/umfpack.h (deflated 71%)
  adding: sources/include/suitesparse/Include/umfpack_report_perm.h (deflated 69%)
  adding: sources/include/suitesparse/Include/umfpack_save_symbolic.h (deflated 74%)
  adding: sources/include/suitesparse/Include/btf.h (deflated 68%)
  adding: sources/include/suitesparse/Include/umfpack_get_symbolic.h (deflated 74%)
  adding: sources/include/suitesparse/Include/umfpack_global.h (deflated 67%)
  adding: sources/include/suitesparse/Include/umfpack_triplet_to_col.h (deflated 68%)
  adding: sources/include/suitesparse/Include/umfpack_get_numeric.h (deflated 71%)
  adding: sources/include/suitesparse/Include/umfpack_timer.h (deflated 58%)
  adding: sources/include/suitesparse/Include/umfpack_load_symbolic.h (deflated 69%)
  adding: sources/include/suitesparse/Include/umfpack_wsolve.h (deflated 75%)
  adding: sources/include/suitesparse/Include/umfpack_numeric.h (deflated 71%)
  adding: sources/include/suitesparse/Include/umfpack_qsymbolic.h (deflated 72%)
  adding: sources/include/suitesparse/Include/amd.h (deflated 68%)
  adding: sources/include/suitesparse/Include/umfpack_report_matrix.h (deflated 73%)
  adding: sources/include/suitesparse/Include/umfpack_report_numeric.h (deflated 68%)
  adding: sources/include/suitesparse/Include/amd_internal.h (deflated 71%)
  adding: sources/include/suitesparse/Include/umfpack_report_control.h (deflated 71%)
  adding: sources/include/suitesparse/Include/umfpack_col_to_triplet.h (deflated 65%)
  adding: sources/include/suitesparse/Include/umfpack_free_numeric.h (deflated 71%)
  adding: sources/include/suitesparse/Include/umfpack_report_info.h (deflated 72%)
  adding: sources/include/suitesparse/Include/umfpack_report_status.h (deflated 71%)
  adding: sources/include/suitesparse/Include/umfpack_get_lunz.h (deflated 73%)
  adding: sources/include/gc.h (deflated 75%)
  adding: sources/include/OpenModelicaBootstrappingHeader.h (deflated 91%)
  adding: sources/include/sundials/ (stored 0%)
  adding: sources/include/sundials/ida/ (stored 0%)
  adding: sources/include/sundials/ida/ida_dense.h (deflated 66%)
  adding: sources/include/sundials/ida/ida_spgmr.h (deflated 67%)
  adding: sources/include/sundials/ida/ida_spbcgs.h (deflated 59%)
  adding: sources/include/sundials/ida/ida_impl.h (deflated 74%)
  adding: sources/include/sundials/ida/ida_direct.h (deflated 80%)
  adding: sources/include/sundials/ida/ida.h (deflated 79%)
  adding: sources/include/sundials/ida/ida_bbdpre.h (deflated 70%)
  adding: sources/include/sundials/ida/ida_sptfqmr.h (deflated 59%)
  adding: sources/include/sundials/ida/ida_sparse.h (deflated 76%)
  adding: sources/include/sundials/ida/ida_lapack.h (deflated 70%)
  adding: sources/include/sundials/ida/ida_band.h (deflated 66%)
  adding: sources/include/sundials/ida/ida_klu.h (deflated 69%)
  adding: sources/include/sundials/ida/ida_spils.h (deflated 75%)
  adding: sources/include/sundials/arkode/ (stored 0%)
  adding: sources/include/sundials/arkode/arkode_spbcgs.h (deflated 71%)
  adding: sources/include/sundials/arkode/arkode_band.h (deflated 70%)
  adding: sources/include/sundials/arkode/arkode.h (deflated 79%)
  adding: sources/include/sundials/arkode/arkode_pcg.h (deflated 72%)
  adding: sources/include/sundials/arkode/arkode_lapack.h (deflated 78%)
  adding: sources/include/sundials/arkode/arkode_spils.h (deflated 79%)
  adding: sources/include/sundials/arkode/arkode_dense.h (deflated 69%)
  adding: sources/include/sundials/arkode/arkode_sparse.h (deflated 76%)
  adding: sources/include/sundials/arkode/arkode_sptfqmr.h (deflated 71%)
  adding: sources/include/sundials/arkode/arkode_bbdpre.h (deflated 69%)
  adding: sources/include/sundials/arkode/arkode_impl.h (deflated 76%)
  adding: sources/include/sundials/arkode/arkode_bandpre.h (deflated 65%)
  adding: sources/include/sundials/arkode/arkode_klu.h (deflated 79%)
  adding: sources/include/sundials/arkode/arkode_direct.h (deflated 80%)
  adding: sources/include/sundials/arkode/arkode_spgmr.h (deflated 71%)
  adding: sources/include/sundials/arkode/arkode_spfgmr.h (deflated 72%)
  adding: sources/include/sundials/cvodes/ (stored 0%)
  adding: sources/include/sundials/cvodes/cvodes.h (deflated 82%)
  adding: sources/include/sundials/cvodes/cvodes_spgmr.h (deflated 67%)
  adding: sources/include/sundials/cvodes/cvodes_band.h (deflated 66%)
  adding: sources/include/sundials/cvodes/cvodes_bandpre.h (deflated 69%)
  adding: sources/include/sundials/cvodes/cvodes_lapack.h (deflated 75%)
  adding: sources/include/sundials/cvodes/cvodes_spbcgs.h (deflated 67%)
  adding: sources/include/sundials/cvodes/cvodes_bbdpre.h (deflated 73%)
  adding: sources/include/sundials/cvodes/cvodes_dense.h (deflated 65%)
  adding: sources/include/sundials/cvodes/cvodes_direct.h (deflated 80%)
  adding: sources/include/sundials/cvodes/cvodes_klu.h (deflated 72%)
  adding: sources/include/sundials/cvodes/cvodes_impl.h (deflated 77%)
  adding: sources/include/sundials/cvodes/cvodes_diag.h (deflated 72%)
  adding: sources/include/sundials/cvodes/cvodes_sparse.h (deflated 75%)
  adding: sources/include/sundials/cvodes/cvodes_spils.h (deflated 78%)
  adding: sources/include/sundials/cvodes/cvodes_sptfqmr.h (deflated 67%)
  adding: sources/include/sundials/kinsol/ (stored 0%)
  adding: sources/include/sundials/kinsol/kinsol_band.h (deflated 60%)
  adding: sources/include/sundials/kinsol/kinsol_impl.h (deflated 74%)
  adding: sources/include/sundials/kinsol/kinsol_spgmr.h (deflated 63%)
  adding: sources/include/sundials/kinsol/kinsol_dense.h (deflated 60%)
  adding: sources/include/sundials/kinsol/kinsol_bbdpre.h (deflated 68%)
  adding: sources/include/sundials/kinsol/kinsol_spils.h (deflated 77%)
  adding: sources/include/sundials/kinsol/kinsol_spfgmr.h (deflated 63%)
  adding: sources/include/sundials/kinsol/kinsol_klu.h (deflated 67%)
  adding: sources/include/sundials/kinsol/kinsol_lapack.h (deflated 71%)
  adding: sources/include/sundials/kinsol/kinsol.h (deflated 78%)
  adding: sources/include/sundials/kinsol/kinsol_superlumt.h (deflated 66%)
  adding: sources/include/sundials/kinsol/kinsol_spbcgs.h (deflated 63%)
  adding: sources/include/sundials/kinsol/kinsol_sparse.h (deflated 72%)
  adding: sources/include/sundials/kinsol/kinsol_direct.h (deflated 76%)
  adding: sources/include/sundials/kinsol/kinsol_sptfqmr.h (deflated 64%)
  adding: sources/include/sundials/idas/ (stored 0%)
  adding: sources/include/sundials/idas/idas_sptfqmr.h (deflated 67%)
  adding: sources/include/sundials/idas/idas.h (deflated 82%)
  adding: sources/include/sundials/idas/idas_lapack.h (deflated 75%)
  adding: sources/include/sundials/idas/idas_sparse.h (deflated 76%)
  adding: sources/include/sundials/idas/idas_klu.h (deflated 73%)
  adding: sources/include/sundials/idas/idas_impl.h (deflated 76%)
  adding: sources/include/sundials/idas/idas_spbcgs.h (deflated 67%)
  adding: sources/include/sundials/idas/idas_spgmr.h (deflated 71%)
  adding: sources/include/sundials/idas/idas_direct.h (deflated 82%)
  adding: sources/include/sundials/idas/idas_spils.h (deflated 80%)
  adding: sources/include/sundials/idas/idas_band.h (deflated 68%)
  adding: sources/include/sundials/idas/idas_bbdpre.h (deflated 73%)
  adding: sources/include/sundials/idas/idas_dense.h (deflated 68%)
  adding: sources/include/sundials/sundials/ (stored 0%)
  adding: sources/include/sundials/sundials/sundials_nvector.h (deflated 78%)
  adding: sources/include/sundials/sundials/sundials_math.h (deflated 77%)
  adding: sources/include/sundials/sundials/sundials_spbcgs.h (deflated 70%)
  adding: sources/include/sundials/sundials/sundials_config.h (deflated 67%)
  adding: sources/include/sundials/sundials/sundials_sparse.h (deflated 77%)
  adding: sources/include/sundials/sundials/sundials_lapack.h (deflated 76%)
  adding: sources/include/sundials/sundials/sundials_spfgmr.h (deflated 68%)
  adding: sources/include/sundials/sundials/sundials_fnvector.h (deflated 57%)
  adding: sources/include/sundials/sundials/sundials_spgmr.h (deflated 69%)
  adding: sources/include/sundials/sundials/sundials_sptfqmr.h (deflated 69%)
  adding: sources/include/sundials/sundials/sundials_band.h (deflated 71%)
  adding: sources/include/sundials/sundials/sundials_pcg.h (deflated 68%)
  adding: sources/include/sundials/sundials/sundials_iterative.h (deflated 77%)
  adding: sources/include/sundials/sundials/sundials_direct.h (deflated 76%)
  adding: sources/include/sundials/sundials/sundials_types.h (deflated 65%)
  adding: sources/include/sundials/sundials/sundials_dense.h (deflated 74%)
  adding: sources/include/sundials/cvode/ (stored 0%)
  adding: sources/include/sundials/cvode/cvode_klu.h (deflated 67%)
  adding: sources/include/sundials/cvode/cvode_sparse.h (deflated 71%)
  adding: sources/include/sundials/cvode/cvode_direct.h (deflated 76%)
  adding: sources/include/sundials/cvode/cvode_spgmr.h (deflated 60%)
  adding: sources/include/sundials/cvode/cvode_bbdpre.h (deflated 70%)
  adding: sources/include/sundials/cvode/cvode_impl.h (deflated 73%)
  adding: sources/include/sundials/cvode/cvode_sptfqmr.h (deflated 61%)
  adding: sources/include/sundials/cvode/cvode_diag.h (deflated 69%)
  adding: sources/include/sundials/cvode/cvode_dense.h (deflated 60%)
  adding: sources/include/sundials/cvode/cvode_lapack.h (deflated 71%)
  adding: sources/include/sundials/cvode/cvode_spbcgs.h (deflated 60%)
  adding: sources/include/sundials/cvode/cvode_band.h (deflated 61%)
  adding: sources/include/sundials/cvode/cvode.h (deflated 77%)
  adding: sources/include/sundials/cvode/cvode_bandpre.h (deflated 65%)
  adding: sources/include/sundials/cvode/cvode_spils.h (deflated 74%)
  adding: sources/include/sundials/nvector/ (stored 0%)
  adding: sources/include/sundials/nvector/nvector_serial.h (deflated 77%)
  adding: sources/include/openmodelica_types.h (deflated 56%)
  adding: sources/include/simulation/ (stored 0%)
  adding: sources/include/simulation/omc_simulation_util.c (deflated 48%)
  adding: sources/include/simulation/options.h (deflated 46%)
  adding: sources/include/simulation/modelinfo.h (deflated 51%)
  adding: sources/include/simulation/simulation_runtime.h (deflated 56%)
  adding: sources/include/simulation/solver/ (stored 0%)
  adding: sources/include/simulation/solver/nonlinearSolverHomotopy.c (deflated 81%)
  adding: sources/include/simulation/solver/model_help.h (deflated 70%)
  adding: sources/include/simulation/solver/delay.c (deflated 67%)
  adding: sources/include/simulation/solver/linearSolverTotalPivot.c (deflated 68%)
  adding: sources/include/simulation/solver/mixedSystem.h (deflated 48%)
  adding: sources/include/simulation/solver/nonlinearValuesList.h (deflated 52%)
  adding: sources/include/simulation/solver/real_time_sync.h (deflated 46%)
  adding: sources/include/simulation/solver/synchronous.h (deflated 50%)
  adding: sources/include/simulation/solver/synchronous.c (deflated 67%)
  adding: sources/include/simulation/solver/linearSystem.h (deflated 50%)
  adding: sources/include/simulation/solver/epsilon.h (deflated 47%)
  adding: sources/include/simulation/solver/linearSolverLapack.h (deflated 47%)
  adding: sources/include/simulation/solver/omc_math.c (deflated 84%)
  adding: sources/include/simulation/solver/delay.h (deflated 50%)
  adding: sources/include/simulation/solver/events.h (deflated 50%)
  adding: sources/include/simulation/solver/nonlinearSystem.h (deflated 61%)
  adding: sources/include/simulation/solver/embedded_server.h (deflated 50%)
  adding: sources/include/simulation/solver/nonlinearSolverHybrd.h (deflated 56%)
  adding: sources/include/simulation/solver/ida_solver.h (deflated 57%)
  adding: sources/include/simulation/solver/nonlinearSolverHybrd.c (deflated 80%)
  adding: sources/include/simulation/solver/stateset.c (deflated 73%)
  adding: sources/include/simulation/solver/linearSolverTotalPivot.h (deflated 47%)
  adding: sources/include/simulation/solver/model_help.c (deflated 82%)
  adding: sources/include/simulation/solver/stateset.h (deflated 51%)
  adding: sources/include/simulation/solver/linearSolverLapack.c (deflated 68%)
  adding: sources/include/simulation/solver/linearSystem.c (deflated 79%)
  adding: sources/include/simulation/solver/external_input.h (deflated 45%)
  adding: sources/include/simulation/solver/perform_simulation.c (deflated 71%)
  adding: sources/include/simulation/solver/fmi_events.c (deflated 67%)
  adding: sources/include/simulation/solver/mixedSearchSolver.c (deflated 67%)
  adding: sources/include/simulation/solver/mixedSearchSolver.h (deflated 46%)
  adding: sources/include/simulation/solver/omc_math.h (deflated 71%)
  adding: sources/include/simulation/solver/nonlinearSystem.c (deflated 81%)
  adding: sources/include/simulation/solver/initialization/ (stored 0%)
  adding: sources/include/simulation/solver/initialization/initialization.h (deflated 49%)
  adding: sources/include/simulation/solver/initialization/initialization.c (deflated 77%)
  adding: sources/include/simulation/solver/mixedSystem.c (deflated 64%)
  adding: sources/include/simulation/solver/dassl.h (deflated 55%)
  adding: sources/include/simulation/solver/fmi_events.h (deflated 45%)
  adding: sources/include/simulation/solver/dae_mode.h (deflated 50%)
  adding: sources/include/simulation/solver/nonlinearSolverHomotopy.h (deflated 46%)
  adding: sources/include/simulation/solver/perform_qss_simulation.c (deflated 71%)
  adding: sources/include/simulation/solver/nonlinearValuesList.c (deflated 72%)
  adding: sources/include/simulation/solver/solver_main.h (deflated 58%)
  adding: sources/include/simulation/simulation_omc_assert.c (deflated 72%)
  adding: sources/include/simulation/simulation_input_xml.h (deflated 47%)
  adding: sources/include/simulation/omc_simulation_util.h (deflated 51%)
  adding: sources/include/simulation/options.c (deflated 70%)
  adding: sources/include/simulation/simulation_info_json.c (deflated 71%)
  adding: sources/include/simulation/results/ (stored 0%)
  adding: sources/include/simulation/results/simulation_result.h (deflated 52%)
  adding: sources/include/simulation/simulation_info_json.h (deflated 49%)
  adding: sources/include/gc_pthread_redirects.h (deflated 63%)
  adding: sources/include/util/ (stored 0%)
  adding: sources/include/util/string_array.h (deflated 78%)
  adding: sources/include/util/index_spec.c (deflated 65%)
  adding: sources/include/util/varinfo.c (deflated 55%)
  adding: sources/include/util/ringbuffer.c (deflated 67%)
  adding: sources/include/util/omc_error.c (deflated 78%)
  adding: sources/include/util/omc_init.h (deflated 51%)
  adding: sources/include/util/cJSON.h (deflated 65%)
  adding: sources/include/util/ringbuffer.h (deflated 49%)
  adding: sources/include/util/varinfo.h (deflated 46%)
  adding: sources/include/util/uthash.h (deflated 81%)
  adding: sources/include/util/real_array.h (deflated 80%)
  adding: sources/include/util/modelica_string_lit.c (deflated 91%)
  adding: sources/include/util/string_array.c (deflated 80%)
  adding: sources/include/util/modelica_string.h (deflated 72%)
  adding: sources/include/util/omc_mmap.c (deflated 66%)
  adding: sources/include/util/modelica.h (deflated 52%)
  adding: sources/include/util/modelica_string_lit.h (deflated 44%)
  adding: sources/include/util/simulation_options.h (deflated 67%)
  adding: sources/include/util/boolean_array.c (deflated 81%)
  adding: sources/include/util/real_array.c (deflated 82%)
  adding: sources/include/util/omc_init.c (deflated 47%)
  adding: sources/include/util/omc_msvc.c (deflated 64%)
  adding: sources/include/util/omc_error.h (deflated 75%)
  adding: sources/include/util/omc_mmap.h (deflated 65%)
  adding: sources/include/util/read_matlab4.h (deflated 57%)
  adding: sources/include/util/simulation_options.c (deflated 80%)
  adding: sources/include/util/generic_array.h (deflated 50%)
  adding: sources/include/util/utility.c (deflated 66%)
  adding: sources/include/util/libcsv.c (deflated 76%)
  adding: sources/include/util/rtclock.h (deflated 64%)
  adding: sources/include/util/boolean_array.h (deflated 78%)
  adding: sources/include/util/cJSON.c (deflated 73%)
  adding: sources/include/util/libcsv.h (deflated 68%)
  adding: sources/include/util/list.h (deflated 56%)
  adding: sources/include/util/rational.c (deflated 65%)
  adding: sources/include/util/omc_spinlock.h (deflated 41%)
  adding: sources/include/util/integer_array.c (deflated 83%)
  adding: sources/include/util/read_matlab4.c (deflated 76%)
  adding: sources/include/util/division.h (deflated 62%)
  adding: sources/include/util/read_csv.h (deflated 48%)
  adding: sources/include/util/ModelicaUtilities.c (deflated 63%)
  adding: sources/include/util/base_array.h (deflated 62%)
  adding: sources/include/util/integer_array.h (deflated 83%)
  adding: sources/include/util/read_write.h (deflated 69%)
  adding: sources/include/util/read_csv.c (deflated 71%)
  adding: sources/include/util/java_interface.h (deflated 61%)
  adding: sources/include/util/division.c (deflated 64%)
  adding: sources/include/util/list.c (deflated 73%)
  adding: sources/include/util/index_spec.h (deflated 49%)
  adding: sources/include/util/omc_msvc.h (deflated 60%)
  adding: sources/include/util/modelica_string.c (deflated 73%)
  adding: sources/include/util/utility.h (deflated 65%)
  adding: sources/include/util/rational.h (deflated 53%)
  adding: sources/include/util/generic_array.c (deflated 57%)
  adding: sources/include/util/base_array.c (deflated 76%)
  adding: sources/include/gc_config_macros.h (deflated 73%)
  adding: sources/include/meta/ (stored 0%)
  adding: sources/include/meta/meta_modelica.h (deflated 62%)
  adding: sources/include/meta/meta_modelica_segv.h (deflated 56%)
  adding: sources/include/meta/meta_modelica_builtin.h (deflated 74%)
  adding: sources/include/meta/meta_modelica_mk_box.h (deflated 95%)
  adding: sources/include/meta/meta_modelica_builtin_boxvar.h (deflated 89%)
  adding: sources/include/meta/meta_modelica_catch.c (deflated 44%)
  adding: sources/include/meta/meta_modelica_data.h (deflated 70%)
  adding: sources/include/meta/meta_modelica_builtin_boxptr.h (deflated 77%)
  adding: sources/include/linearization/ (stored 0%)
  adding: sources/include/linearization/linearize.h (deflated 46%)
  adding: sources/include/fmi/ (stored 0%)
  adding: sources/include/simulation_data.h (deflated 73%)
  adding: sources/include/omc_inline.h (deflated 47%)
  adding: sources/include/blaswrap.h (deflated 78%)
  adding: sources/include/external_solvers/ (stored 0%)
  adding: sources/include/external_solvers/hybrj_.c (deflated 71%)
  adding: sources/include/external_solvers/dscal.c (deflated 58%)
  adding: sources/include/external_solvers/dogleg_.c (deflated 66%)
  adding: sources/include/external_solvers/dswap.c (deflated 59%)
  adding: sources/include/external_solvers/pow_di.c (deflated 43%)
  adding: sources/include/external_solvers/dgemm.c (deflated 75%)
  adding: sources/include/external_solvers/dpmpar_.c (deflated 73%)
  adding: sources/include/external_solvers/lsame.c (deflated 60%)
  adding: sources/include/external_solvers/dlamch.c (deflated 74%)
  adding: sources/include/external_solvers/r1mpyq_.c (deflated 65%)
  adding: sources/include/external_solvers/dgetf2.c (deflated 62%)
  adding: sources/include/external_solvers/qrfac_.c (deflated 65%)
  adding: sources/include/external_solvers/idamax.c (deflated 58%)
  adding: sources/include/external_solvers/ieeeck.c (deflated 67%)
  adding: sources/include/external_solvers/i_nint.c (deflated 36%)
  adding: sources/include/external_solvers/dger.c (deflated 66%)
  adding: sources/include/external_solvers/r1updt_.c (deflated 67%)
  adding: sources/include/external_solvers/qform_.c (deflated 60%)
  adding: sources/include/external_solvers/minpack.h (deflated 85%)
  adding: sources/include/external_solvers/f2c.h (deflated 66%)
  adding: sources/include/external_solvers/dgetrs.c (deflated 66%)
  adding: sources/include/external_solvers/dgesv.c (deflated 62%)
  adding: sources/include/external_solvers/iparmq.c (deflated 68%)
  adding: sources/include/external_solvers/clapack.h (deflated 91%)
  adding: sources/include/external_solvers/cminpack.h (deflated 82%)
  adding: sources/include/external_solvers/dtrsm.c (deflated 76%)
  adding: sources/include/external_solvers/enorm_.c (deflated 59%)
  adding: sources/include/external_solvers/xerbla.c (deflated 51%)
  adding: sources/include/external_solvers/dlaswp.c (deflated 60%)
  adding: sources/include/external_solvers/dgetrf.c (deflated 64%)
  adding: sources/include/external_solvers/blaswrap.h (deflated 78%)
  adding: sources/include/external_solvers/ilaenv.c (deflated 80%)
  adding: sources/include/external_solvers/s_copy.c (deflated 52%)
  adding: sources/include/external_solvers/s_cmp.c (deflated 55%)
  adding: sources/Makefile.in (deflated 68%)
  adding: sources/try_withDist_noinputs_2_functions.h (deflated 54%)
  adding: sources/config.guess (deflated 70%)
  adding: sources/try_withDist_noinputs_2_01exo.c (deflated 44%)
  adding: sources/try_withDist_noinputs_2_16dae.c (deflated 32%)
  adding: sources/try_withDist_noinputs_2_11mix.c (deflated 51%)
  adding: sources/try_withDist_noinputs_2_functions.c (deflated 40%)
  adding: sources/try_withDist_noinputs_2_04set.c (deflated 48%)
  adding: sources/try_withDist_noinputs_2_05evt.c (deflated 78%)
  adding: sources/try_withDist_noinputs_2_includes.h (stored 0%)
  adding: sources/install-sh (deflated 61%)
  adding: sources/try_withDist_noinputs_2_14lnz.c (deflated 77%)
  adding: sources/try_withDist_noinputs_2.makefile (deflated 2%)
  adding: sources/try_withDist_noinputs_2_FMU.libs (stored 0%)
  adding: sources/try_withDist_noinputs_2.c (deflated 82%)
  adding: sources/try_withDist_noinputs_2_08bnd.c (deflated 70%)
  adding: sources/try_withDist_noinputs_2_13opt.c (deflated 74%)
  adding: sources/config.sub (deflated 71%)
  adding: sources/try_withDist_noinputs_2_literals.h (deflated 33%)
  adding: sources/try_withDist_noinputs_2_17inl.c (deflated 33%)
  adding: sources/try_withDist_noinputs_2_12jac.c (deflated 84%)
  adding: sources/try_withDist_noinputs_2_FMU.c (deflated 86%)
  adding: sources/try_withDist_noinputs_2_15syn.c (deflated 63%)
  adding: sources/try_withDist_noinputs_2_records.c (deflated 30%)
  adding: sources/try_withDist_noinputs_2_09alg.c (deflated 86%)
  adding: sources/try_withDist_noinputs_2_13opt.h (deflated 61%)
  adding: sources/try_withDist_noinputs_2_init_fmu.c (deflated 91%)
